#
# A fatal error has been detected by the Java Runtime Environment:
#
#  SIGSEGV (0xb) at pc=0x00000001095d153d, pid=152, tid=20995
#
# JRE version: Java(TM) SE Runtime Environment (8.0_05-b13) (build 1.8.0_05-b13)
# Java VM: Java HotSpot(TM) 64-Bit Server VM (25.5-b02 mixed mode bsd-amd64 compressed oops)
# Problematic frame:
# V  [libjvm.dylib+0x1d153d]  ConstantPoolCacheEntry::is_interesting_method_entry(Klass*)+0x35
#
# Failed to write core dump. Core dumps have been disabled. To enable core dumping, try "ulimit -c unlimited" before starting Java again
#
# If you would like to submit a bug report, please visit:
#   http://bugreport.sun.com/bugreport/crash.jsp
#

---------------  T H R E A D  ---------------

Current thread (0x00007fd92d813000):  VMThread [stack: 0x000070000ebd9000,0x000070000ecd9000] [id=20995]

siginfo:si_signo=SIGSEGV: si_errno=0, si_code=1 (SEGV_MAPERR), si_addr=0x0000000000000013

Registers:
RAX=0x000000000000000b, RBX=0x00000007c0106e18, RCX=0x0000000000000006, RDX=0x00007fd93125a900
RSP=0x000070000ecd8830, RBP=0x000070000ecd8840, RSI=0x00000007c0106e18, RDI=0x000000010ee49828
R8 =0x000070000ecd8977, R9 =0x000000000000f734, R10=0x00000000ffff3fff, R11=0x0000000000000000
R12=0x0000000129954c98, R13=0x0000000000000000, R14=0x0000000129954c98, R15=0x00007fd93125a8d0
RIP=0x00000001095d153d, EFLAGS=0x0000000000010206, ERR=0x0000000000000004
  TRAPNO=0x000000000000000e

Top of Stack: (sp=0x000070000ecd8830)
0x000070000ecd8830:   0000000000000006 00007fd93125a900
0x000070000ecd8840:   000070000ecd88a0 00000001095d1c89
0x000070000ecd8850:   0000000129c07050 00000007c0106e18
0x000070000ecd8860:   0000000129954c28 000000030968db4c
0x000070000ecd8870:   000070000ecd8977 00000007c043fc28
0x000070000ecd8880:   00007fd92d813000 0000000000000000
0x000070000ecd8890:   0000000129be6850 00007fd92d813000
0x000070000ecd88a0:   000070000ecd89c0 00000001097677c2
0x000070000ecd88b0:   000070000ecd8a90 0000000000000005
0x000070000ecd88c0:   0000000000000000 0000000000000000
0x000070000ecd88d0:   0000000000000005 0000000000000004
0x000070000ecd88e0:   000070000ecd8a00 000000010968e8b4
0x000070000ecd88f0:   000070000ecd8920 0000000100000001
0x000070000ecd8900:   0000000000000005 00007fd92d813000
0x000070000ecd8910:   0000000000000000 0000000700000000
0x000070000ecd8920:   0000000000000000 0000000129c07050
0x000070000ecd8930:   00007fd92d813000 00007fd92d813000
0x000070000ecd8940:   00007fd92cd151e0 00007fd92cd15210
0x000070000ecd8950:   00007fd92cd15220 00007fd92cd152f8
0x000070000ecd8960:   00000000000000d8 000070000ecd8ae0
0x000070000ecd8970:   000070000ecd89c0 00000001284aae68
0x000070000ecd8980:   00007fd92cd152f8 0000000129be6850
0x000070000ecd8990:   0000000129be6850 00000007c043fc28
0x000070000ecd89a0:   0000000000000000 0000000000000000
0x000070000ecd89b0:   000070000ecd8a90 00007fd92f4a0000
0x000070000ecd89c0:   000070000ecd89e0 000000010957ddb0
0x000070000ecd89d0:   00007fd92f6e37f0 000070000ecd8a90
0x000070000ecd89e0:   000070000ecd8a00 000000010957dee9
0x000070000ecd89f0:   00000007c03984c0 00000007c0106e18
0x000070000ecd8a00:   000070000ecd8b40 0000000109769728
0x000070000ecd8a10:   00000001284abd10 00000006c0399c90
0x000070000ecd8a20:   00007fd92d813000 000070000f1eaa20 

Instructions: (pc=0x00000001095d153d)
0x00000001095d151d:   49 89 fe 49 8b 46 18 a9 00 00 10 00 74 06 4d 8b
0x00000001095d152d:   76 10 eb 17 49 8b 7e 08 48 85 ff 74 43 48 8b 07
0x00000001095d153d:   ff 50 08 84 c0 74 39 4d 8b 76 08 4d 85 f6 74 30
0x00000001095d154d:   49 8b 06 4c 89 f7 ff 50 08 84 c0 74 23 48 85 db 

Register to memory mapping:

RAX=0x000000000000000b is an unknown value
RBX=0x00000007c0106e18 is an unknown value
RCX=0x0000000000000006 is an unknown value
RDX=0x00007fd93125a900 is an unknown value
RSP=0x000070000ecd8830 is an unknown value
RBP=0x000070000ecd8840 is an unknown value
RSI=0x00000007c0106e18 is an unknown value
RDI=0x000000010ee49828 is an unknown value
R8 =0x000070000ecd8977 is an unknown value
R9 =0x000000000000f734 is an unknown value
R10=0x00000000ffff3fff is an unknown value
R11=0x0000000000000000 is an unknown value
R12=0x0000000129954c98 is an unknown value
R13=0x0000000000000000 is an unknown value
R14=0x0000000129954c98 is an unknown value
R15=0x00007fd93125a8d0 is an unknown value


Stack: [0x000070000ebd9000,0x000070000ecd9000],  sp=0x000070000ecd8830,  free space=1022k
Native frames: (J=compiled Java code, j=interpreted, Vv=VM code, C=native code)
V  [libjvm.dylib+0x1d153d]  ConstantPoolCacheEntry::is_interesting_method_entry(Klass*)+0x35
V  [libjvm.dylib+0x1d1c89]  ConstantPoolCache::adjust_method_entries(Method**, Method**, int, bool*)+0x57
V  [libjvm.dylib+0x3677c2]  VM_RedefineClasses::AdjustCpoolCacheAndVtable::do_klass(Klass*)+0x2d2
V  [libjvm.dylib+0x17ddb0]  ClassLoaderData::classes_do(KlassClosure*)+0x1e
V  [libjvm.dylib+0x17dee9]  ClassLoaderDataGraph::classes_do(KlassClosure*)+0x21
V  [libjvm.dylib+0x369728]  VM_RedefineClasses::redefine_single_class(_jclass*, Klass*, Thread*)+0x3fc
V  [libjvm.dylib+0x367af5]  VM_RedefineClasses::doit()+0x10b
V  [libjvm.dylib+0x56658d]  VM_Operation::evaluate()+0x4f
V  [libjvm.dylib+0x564c1f]  VMThread::evaluate_operation(VM_Operation*)+0xdf
V  [libjvm.dylib+0x56506c]  VMThread::loop()+0x328
V  [libjvm.dylib+0x564993]  VMThread::run()+0x79
V  [libjvm.dylib+0x445426]  java_start(Thread*)+0xf6
C  [libsystem_pthread.dylib+0x6109]  _pthread_start+0x94
C  [libsystem_pthread.dylib+0x1b8b]  thread_start+0xf

VM_Operation (0x000070000f1eaa20): RedefineClasses, mode: safepoint, requested by thread 0x00007fd92d825800


---------------  P R O C E S S  ---------------

Java Threads: ( => current thread )
  0x00007fd93312c000 JavaThread "http-nio-8080-Acceptor" daemon [_thread_in_native, id=23303, stack(0x0000700010e42000,0x0000700010f42000)]
  0x00007fd930a78000 JavaThread "http-nio-8080-ClientPoller" daemon [_thread_in_native, id=24327, stack(0x0000700010d3f000,0x0000700010e3f000)]
  0x00007fd93100f800 JavaThread "http-nio-8080-exec-10" daemon [_thread_blocked, id=26119, stack(0x0000700010c3c000,0x0000700010d3c000)]
  0x00007fd92e29a800 JavaThread "http-nio-8080-exec-9" daemon [_thread_blocked, id=40455, stack(0x0000700010b39000,0x0000700010c39000)]
  0x00007fd932674800 JavaThread "http-nio-8080-exec-8" daemon [_thread_blocked, id=25351, stack(0x0000700010a36000,0x0000700010b36000)]
  0x00007fd930a75800 JavaThread "http-nio-8080-exec-7" daemon [_thread_blocked, id=38151, stack(0x0000700010933000,0x0000700010a33000)]
  0x00007fd92e1ae000 JavaThread "http-nio-8080-exec-6" daemon [_thread_blocked, id=38407, stack(0x0000700010830000,0x0000700010930000)]
  0x00007fd930a74800 JavaThread "http-nio-8080-exec-5" daemon [_thread_blocked, id=39175, stack(0x000070001072d000,0x000070001082d000)]
  0x00007fd92e258000 JavaThread "http-nio-8080-exec-4" daemon [_thread_blocked, id=39431, stack(0x000070001062a000,0x000070001072a000)]
  0x00007fd92ead6800 JavaThread "http-nio-8080-exec-3" daemon [_thread_blocked, id=25863, stack(0x0000700010527000,0x0000700010627000)]
  0x00007fd930a4a800 JavaThread "http-nio-8080-exec-2" daemon [_thread_blocked, id=25607, stack(0x0000700010424000,0x0000700010524000)]
  0x00007fd930a5c000 JavaThread "http-nio-8080-exec-1" daemon [_thread_blocked, id=25095, stack(0x0000700010321000,0x0000700010421000)]
  0x00007fd931b5a800 JavaThread "http-nio-8080-BlockPoller" daemon [_thread_in_native, id=36871, stack(0x000070001021e000,0x000070001031e000)]
  0x00007fd930a4a000 JavaThread "File Watcher" daemon [_thread_blocked, id=24583, stack(0x0000700010018000,0x0000700010118000)]
  0x00007fd93262b000 JavaThread "container-0" [_thread_blocked, id=23559, stack(0x000070000fe12000,0x000070000ff12000)]
  0x00007fd93262a000 JavaThread "Catalina-utility-2" [_thread_blocked, id=42579, stack(0x000070000fd0f000,0x000070000fe0f000)]
  0x00007fd932629000 JavaThread "Catalina-utility-1" [_thread_blocked, id=42059, stack(0x000070000fc0c000,0x000070000fd0c000)]
  0x00007fd931fa8000 JavaThread "DestroyJavaVM" [_thread_blocked, id=3331, stack(0x000070000e2be000,0x000070000e3be000)]
  0x00007fd92eabe800 JavaThread "Live Reload Server" daemon [_thread_in_native, id=40967, stack(0x000070001011b000,0x000070001021b000)]
  0x00007fd931fa3000 JavaThread "Attach Listener" daemon [_thread_blocked, id=41475, stack(0x000070000ff15000,0x0000700010015000)]
  0x00007fd92d8e7800 JavaThread "Service Thread" daemon [_thread_blocked, id=43267, stack(0x000070000f800000,0x000070000f900000)]
  0x00007fd92d021800 JavaThread "C1 CompilerThread3" daemon [_thread_blocked, id=21763, stack(0x000070000f6fd000,0x000070000f7fd000)]
  0x00007fd92f92c800 JavaThread "C2 CompilerThread2" daemon [_thread_blocked, id=16131, stack(0x000070000f5fa000,0x000070000f6fa000)]
  0x00007fd92d021000 JavaThread "C2 CompilerThread1" daemon [_thread_blocked, id=15619, stack(0x000070000f4f7000,0x000070000f5f7000)]
  0x00007fd92d020000 JavaThread "C2 CompilerThread0" daemon [_thread_blocked, id=16643, stack(0x000070000f3f4000,0x000070000f4f4000)]
  0x00007fd92d829000 JavaThread "JDWP Command Reader" daemon [_thread_in_native, id=15107, stack(0x000070000f2f1000,0x000070000f3f1000)]
  0x00007fd92d819800 JavaThread "JDWP Event Helper Thread" daemon [_thread_blocked, id=14595, stack(0x000070000f1ee000,0x000070000f2ee000)]
  0x00007fd92d825800 JavaThread "JDWP Transport Listener: dt_socket" daemon [_thread_blocked, id=17415, stack(0x000070000f0eb000,0x000070000f1eb000)]
  0x00007fd92d00d800 JavaThread "Signal Dispatcher" daemon [_thread_blocked, id=17667, stack(0x000070000efe8000,0x000070000f0e8000)]
  0x00007fd92f80b800 JavaThread "Finalizer" daemon [_thread_blocked, id=12803, stack(0x000070000eddf000,0x000070000eedf000)]
  0x00007fd92d011800 JavaThread "Reference Handler" daemon [_thread_blocked, id=20483, stack(0x000070000ecdc000,0x000070000eddc000)]

Other Threads:
=>0x00007fd92d813000 VMThread [stack: 0x000070000ebd9000,0x000070000ecd9000] [id=20995]
  0x00007fd92d828800 WatcherThread [stack: 0x000070000f903000,0x000070000fa03000] [id=22531]

VM state:at safepoint (normal execution)

VM Mutex/Monitor currently owned by a thread:  ([mutex/lock_event])
[0x00007fd92cc05570] Threads_lock - owner thread: 0x00007fd92d813000

Heap:
 PSYoungGen      total 80384K, used 70726K [0x000000076ab00000, 0x0000000770600000, 0x00000007c0000000)
  eden space 73728K, 95% used [0x000000076ab00000,0x000000076f011bf0,0x000000076f300000)
  from space 6656K, 0% used [0x000000076f300000,0x000000076f300000,0x000000076f980000)
  to   space 6656K, 0% used [0x000000076ff80000,0x000000076ff80000,0x0000000770600000)
 ParOldGen       total 12288K, used 8881K [0x00000006c0000000, 0x00000006c0c00000, 0x000000076ab00000)
  object space 12288K, 72% used [0x00000006c0000000,0x00000006c08ac590,0x00000006c0c00000)
 Metaspace       used 32697K, capacity 34827K, committed 35072K, reserved 1079296K
  class space    used 4154K, capacity 4497K, committed 4608K, reserved 1048576K

Card table byte_map: [0x000000010a770000,0x000000010af71000] byte_map_base: 0x0000000107170000

Marking Bits: (ParMarkBitMap*) 0x0000000109c660a0
 Begin Bits: [0x000000011e37b000, 0x000000012237b000)
 End Bits:   [0x000000012237b000, 0x000000012637b000)

Polling page: 0x00000001083f7000

CodeCache: size=245760Kb used=15237Kb max_used=15308Kb free=230522Kb
 bounds [0x000000010f37b000, 0x000000011028b000, 0x000000011e37b000]
 total_blobs=4386 nmethods=3968 adapters=341
 compilation: enabled

Compilation events (10 events):
Event: 314.317 Thread 0x00007fd92d020000 3899       4       ch.qos.logback.classic.Logger::callTurboFilters (14 bytes)
Event: 314.322 Thread 0x00007fd92d020000 nmethod 3899 0x0000000110200990 code [0x0000000110200b60, 0x0000000110201388]
Event: 314.330 Thread 0x00007fd92d021000 nmethod 3778 0x0000000110225a50 code [0x0000000110226560, 0x000000011022e690]
Event: 314.634 Thread 0x00007fd92f92c800 nmethod 3895 0x0000000110251190 code [0x0000000110252360, 0x00000001102626d8]
Event: 317.190 Thread 0x00007fd92d020000 3991       4       java.util.concurrent.locks.ReentrantLock$Sync::tryRelease (45 bytes)
Event: 317.191 Thread 0x00007fd92d020000 nmethod 3991 0x00000001101ff1d0 code [0x00000001101ff300, 0x00000001101ff3b8]
Event: 317.818 Thread 0x00007fd92d021800 3992       3       sun.util.calendar.CalendarUtils::sprintf0d (93 bytes)
Event: 317.818 Thread 0x00007fd92d021000 3993       4       java.io.Writer::write (11 bytes)
Event: 317.819 Thread 0x00007fd92d021800 nmethod 3992 0x00000001101ff690 code [0x00000001101ff880, 0x0000000110200248]
Event: 317.819 Thread 0x00007fd92d021000 nmethod 3993 0x00000001102020d0 code [0x0000000110202220, 0x0000000110202368]

GC Heap History (10 events):
Event: 3.221 GC heap before
{Heap before GC invocations=24 (full 1):
 PSYoungGen      total 67584K, used 67558K [0x000000076ab00000, 0x000000076fd00000, 0x00000007c0000000)
  eden space 64000K, 100% used [0x000000076ab00000,0x000000076e980000,0x000000076e980000)
  from space 3584K, 99% used [0x000000076f980000,0x000000076fcf9bb8,0x000000076fd00000)
  to   space 4096K, 0% used [0x000000076f500000,0x000000076f500000,0x000000076f900000)
 ParOldGen       total 7680K, used 5628K [0x00000006c0000000, 0x00000006c0780000, 0x000000076ab00000)
  object space 7680K, 73% used [0x00000006c0000000,0x00000006c057f1d8,0x00000006c0780000)
 Metaspace       used 27763K, capacity 29365K, committed 29440K, reserved 1075200K
  class space    used 3498K, capacity 3781K, committed 3840K, reserved 1048576K
Event: 3.228 GC heap after
Heap after GC invocations=24 (full 1):
 PSYoungGen      total 78336K, used 4087K [0x000000076ab00000, 0x000000076ff80000, 0x00000007c0000000)
  eden space 74240K, 0% used [0x000000076ab00000,0x000000076ab00000,0x000000076f380000)
  from space 4096K, 99% used [0x000000076f500000,0x000000076f8fde48,0x000000076f900000)
  to   space 6144K, 0% used [0x000000076f980000,0x000000076f980000,0x000000076ff80000)
 ParOldGen       total 8704K, used 8510K [0x00000006c0000000, 0x00000006c0880000, 0x000000076ab00000)
  object space 8704K, 97% used [0x00000006c0000000,0x00000006c084fa98,0x00000006c0880000)
 Metaspace       used 27763K, capacity 29365K, committed 29440K, reserved 1075200K
  class space    used 3498K, capacity 3781K, committed 3840K, reserved 1048576K
}
Event: 3.228 GC heap before
{Heap before GC invocations=25 (full 2):
 PSYoungGen      total 78336K, used 4087K [0x000000076ab00000, 0x000000076ff80000, 0x00000007c0000000)
  eden space 74240K, 0% used [0x000000076ab00000,0x000000076ab00000,0x000000076f380000)
  from space 4096K, 99% used [0x000000076f500000,0x000000076f8fde48,0x000000076f900000)
  to   space 6144K, 0% used [0x000000076f980000,0x000000076f980000,0x000000076ff80000)
 ParOldGen       total 8704K, used 8510K [0x00000006c0000000, 0x00000006c0880000, 0x000000076ab00000)
  object space 8704K, 97% used [0x00000006c0000000,0x00000006c084fa98,0x00000006c0880000)
 Metaspace       used 27763K, capacity 29365K, committed 29440K, reserved 1075200K
  class space    used 3498K, capacity 3781K, committed 3840K, reserved 1048576K
Event: 3.313 GC heap after
Heap after GC invocations=25 (full 2):
 PSYoungGen      total 78336K, used 2846K [0x000000076ab00000, 0x000000076ff80000, 0x00000007c0000000)
  eden space 74240K, 0% used [0x000000076ab00000,0x000000076ab00000,0x000000076f380000)
  from space 4096K, 69% used [0x000000076f500000,0x000000076f7c7ae8,0x000000076f900000)
  to   space 6144K, 0% used [0x000000076f980000,0x000000076f980000,0x000000076ff80000)
 ParOldGen       total 12288K, used 8268K [0x00000006c0000000, 0x00000006c0c00000, 0x000000076ab00000)
  object space 12288K, 67% used [0x00000006c0000000,0x00000006c0813360,0x00000006c0c00000)
 Metaspace       used 27763K, capacity 29365K, committed 29440K, reserved 1075200K
  class space    used 3498K, capacity 3781K, committed 3840K, reserved 1048576K
}
Event: 61.494 GC heap before
{Heap before GC invocations=26 (full 2):
 PSYoungGen      total 78336K, used 77086K [0x000000076ab00000, 0x000000076ff80000, 0x00000007c0000000)
  eden space 74240K, 100% used [0x000000076ab00000,0x000000076f380000,0x000000076f380000)
  from space 4096K, 69% used [0x000000076f500000,0x000000076f7c7ae8,0x000000076f900000)
  to   space 6144K, 0% used [0x000000076f980000,0x000000076f980000,0x000000076ff80000)
 ParOldGen       total 12288K, used 8268K [0x00000006c0000000, 0x00000006c0c00000, 0x000000076ab00000)
  object space 12288K, 67% used [0x00000006c0000000,0x00000006c0813360,0x00000006c0c00000)
 Metaspace       used 32163K, capacity 34115K, committed 34432K, reserved 1079296K
  class space    used 4103K, capacity 4418K, committed 4480K, reserved 1048576K
Event: 61.501 GC heap after
Heap after GC invocations=26 (full 2):
 PSYoungGen      total 79872K, used 5046K [0x000000076ab00000, 0x0000000770600000, 0x00000007c0000000)
  eden space 73728K, 0% used [0x000000076ab00000,0x000000076ab00000,0x000000076f300000)
  from space 6144K, 82% used [0x000000076f980000,0x000000076fe6da38,0x000000076ff80000)
  to   space 6656K, 0% used [0x000000076f300000,0x000000076f300000,0x000000076f980000)
 ParOldGen       total 12288K, used 9892K [0x00000006c0000000, 0x00000006c0c00000, 0x000000076ab00000)
  object space 12288K, 80% used [0x00000006c0000000,0x00000006c09a93d0,0x00000006c0c00000)
 Metaspace       used 32163K, capacity 34115K, committed 34432K, reserved 1079296K
  class space    used 4103K, capacity 4418K, committed 4480K, reserved 1048576K
}
Event: 313.595 GC heap before
{Heap before GC invocations=27 (full 2):
 PSYoungGen      total 79872K, used 37930K [0x000000076ab00000, 0x0000000770600000, 0x00000007c0000000)
  eden space 73728K, 44% used [0x000000076ab00000,0x000000076cb1d008,0x000000076f300000)
  from space 6144K, 82% used [0x000000076f980000,0x000000076fe6da38,0x000000076ff80000)
  to   space 6656K, 0% used [0x000000076f300000,0x000000076f300000,0x000000076f980000)
 ParOldGen       total 12288K, used 9892K [0x00000006c0000000, 0x00000006c0c00000, 0x000000076ab00000)
  object space 12288K, 80% used [0x00000006c0000000,0x00000006c09a93d0,0x00000006c0c00000)
 Metaspace       used 32363K, capacity 34391K, committed 34432K, reserved 1079296K
  class space    used 4126K, capacity 4461K, committed 4480K, reserved 1048576K
Event: 313.598 GC heap after
Heap after GC invocations=27 (full 2):
 PSYoungGen      total 80384K, used 1536K [0x000000076ab00000, 0x0000000770600000, 0x00000007c0000000)
  eden space 73728K, 0% used [0x000000076ab00000,0x000000076ab00000,0x000000076f300000)
  from space 6656K, 23% used [0x000000076f300000,0x000000076f480000,0x000000076f980000)
  to   space 6656K, 0% used [0x000000076ff80000,0x000000076ff80000,0x0000000770600000)
 ParOldGen       total 12288K, used 9900K [0x00000006c0000000, 0x00000006c0c00000, 0x000000076ab00000)
  object space 12288K, 80% used [0x00000006c0000000,0x00000006c09ab3d0,0x00000006c0c00000)
 Metaspace       used 32363K, capacity 34391K, committed 34432K, reserved 1079296K
  class space    used 4126K, capacity 4461K, committed 4480K, reserved 1048576K
}
Event: 313.598 GC heap before
{Heap before GC invocations=28 (full 3):
 PSYoungGen      total 80384K, used 1536K [0x000000076ab00000, 0x0000000770600000, 0x00000007c0000000)
  eden space 73728K, 0% used [0x000000076ab00000,0x000000076ab00000,0x000000076f300000)
  from space 6656K, 23% used [0x000000076f300000,0x000000076f480000,0x000000076f980000)
  to   space 6656K, 0% used [0x000000076ff80000,0x000000076ff80000,0x0000000770600000)
 ParOldGen       total 12288K, used 9900K [0x00000006c0000000, 0x00000006c0c00000, 0x000000076ab00000)
  object space 12288K, 80% used [0x00000006c0000000,0x00000006c09ab3d0,0x00000006c0c00000)
 Metaspace       used 32363K, capacity 34391K, committed 34432K, reserved 1079296K
  class space    used 4126K, capacity 4461K, committed 4480K, reserved 1048576K
Event: 313.691 GC heap after
Heap after GC invocations=28 (full 3):
 PSYoungGen      total 80384K, used 0K [0x000000076ab00000, 0x0000000770600000, 0x00000007c0000000)
  eden space 73728K, 0% used [0x000000076ab00000,0x000000076ab00000,0x000000076f300000)
  from space 6656K, 0% used [0x000000076f300000,0x000000076f300000,0x000000076f980000)
  to   space 6656K, 0% used [0x000000076ff80000,0x000000076ff80000,0x0000000770600000)
 ParOldGen       total 12288K, used 8881K [0x00000006c0000000, 0x00000006c0c00000, 0x000000076ab00000)
  object space 12288K, 72% used [0x00000006c0000000,0x00000006c08ac590,0x00000006c0c00000)
 Metaspace       used 32363K, capacity 34391K, committed 34432K, reserved 1079296K
  class space    used 4126K, capacity 4461K, committed 4480K, reserved 1048576K
}

Deoptimization events (10 events):
Event: 314.148 Thread 0x00007fd9325f4000 Uncommon trap: reason=unhandled action=none pc=0x000000010ff41bfc method=java.net.URLClassLoader$1.run()Ljava/lang/Class; @ 72
Event: 314.148 Thread 0x00007fd9325f4000 Uncommon trap: reason=unhandled action=none pc=0x000000010ff41bfc method=java.net.URLClassLoader$1.run()Ljava/lang/Class; @ 72
Event: 314.148 Thread 0x00007fd9325f4000 Uncommon trap: reason=unhandled action=none pc=0x000000010ff41bfc method=java.net.URLClassLoader$1.run()Ljava/lang/Class; @ 72
Event: 314.148 Thread 0x00007fd9325f4000 Uncommon trap: reason=unhandled action=none pc=0x000000010ff41bfc method=java.net.URLClassLoader$1.run()Ljava/lang/Class; @ 72
Event: 314.148 Thread 0x00007fd9325f4000 Uncommon trap: reason=unhandled action=none pc=0x000000010ff41bfc method=java.net.URLClassLoader$1.run()Ljava/lang/Class; @ 72
Event: 314.160 Thread 0x00007fd9325f4000 Uncommon trap: reason=unhandled action=none pc=0x000000010ff41bfc method=java.net.URLClassLoader$1.run()Ljava/lang/Class; @ 72
Event: 314.160 Thread 0x00007fd9325f4000 Uncommon trap: reason=unhandled action=none pc=0x000000010ff41bfc method=java.net.URLClassLoader$1.run()Ljava/lang/Class; @ 72
Event: 314.160 Thread 0x00007fd9325f4000 Uncommon trap: reason=unhandled action=none pc=0x000000010ff41bfc method=java.net.URLClassLoader$1.run()Ljava/lang/Class; @ 72
Event: 314.160 Thread 0x00007fd9325f4000 Uncommon trap: reason=unhandled action=none pc=0x000000010ff41bfc method=java.net.URLClassLoader$1.run()Ljava/lang/Class; @ 72
Event: 314.166 Thread 0x00007fd9325f4000 Uncommon trap: reason=class_check action=maybe_recompile pc=0x000000010fc5f474 method=org.springframework.beans.factory.support.AbstractAutowireCapableBeanFactory.predictBeanType(Ljava/lang/String;Lorg/springframework/beans/factory/support/RootBeanDefinit

Internal exceptions (10 events):
Event: 314.148 Thread 0x00007fd9325f4000 Exception <a 'java/security/PrivilegedActionException'> (0x000000076e80b2b8) thrown at [/HUDSON/workspace/8-2-build-macosx-x86_64/jdk8u5/2488/hotspot/src/share/vm/prims/jvm.cpp, line 1248]
Event: 314.148 Thread 0x00007fd9325f4000 Exception <a 'java/security/PrivilegedActionException'> (0x000000076e80bf40) thrown at [/HUDSON/workspace/8-2-build-macosx-x86_64/jdk8u5/2488/hotspot/src/share/vm/prims/jvm.cpp, line 1248]
Event: 314.148 Thread 0x00007fd9325f4000 Exception <a 'java/security/PrivilegedActionException'> (0x000000076e80fc18) thrown at [/HUDSON/workspace/8-2-build-macosx-x86_64/jdk8u5/2488/hotspot/src/share/vm/prims/jvm.cpp, line 1248]
Event: 314.148 Thread 0x00007fd9325f4000 Exception <a 'java/security/PrivilegedActionException'> (0x000000076e811550) thrown at [/HUDSON/workspace/8-2-build-macosx-x86_64/jdk8u5/2488/hotspot/src/share/vm/prims/jvm.cpp, line 1248]
Event: 314.148 Thread 0x00007fd9325f4000 Exception <a 'java/security/PrivilegedActionException'> (0x000000076e8121c8) thrown at [/HUDSON/workspace/8-2-build-macosx-x86_64/jdk8u5/2488/hotspot/src/share/vm/prims/jvm.cpp, line 1248]
Event: 314.148 Thread 0x00007fd9325f4000 Exception <a 'java/security/PrivilegedActionException'> (0x000000076e815eb0) thrown at [/HUDSON/workspace/8-2-build-macosx-x86_64/jdk8u5/2488/hotspot/src/share/vm/prims/jvm.cpp, line 1248]
Event: 314.160 Thread 0x00007fd9325f4000 Exception <a 'java/security/PrivilegedActionException'> (0x000000076ea04e90) thrown at [/HUDSON/workspace/8-2-build-macosx-x86_64/jdk8u5/2488/hotspot/src/share/vm/prims/jvm.cpp, line 1248]
Event: 314.160 Thread 0x00007fd9325f4000 Exception <a 'java/security/PrivilegedActionException'> (0x000000076ea07fd0) thrown at [/HUDSON/workspace/8-2-build-macosx-x86_64/jdk8u5/2488/hotspot/src/share/vm/prims/jvm.cpp, line 1248]
Event: 314.160 Thread 0x00007fd9325f4000 Exception <a 'java/security/PrivilegedActionException'> (0x000000076ea08c80) thrown at [/HUDSON/workspace/8-2-build-macosx-x86_64/jdk8u5/2488/hotspot/src/share/vm/prims/jvm.cpp, line 1248]
Event: 314.160 Thread 0x00007fd9325f4000 Exception <a 'java/security/PrivilegedActionException'> (0x000000076ea0be48) thrown at [/HUDSON/workspace/8-2-build-macosx-x86_64/jdk8u5/2488/hotspot/src/share/vm/prims/jvm.cpp, line 1248]

Events (10 events):
Event: 314.187 Thread 0x00007fd93100f800 Thread added: 0x00007fd93100f800
Event: 314.187 Thread 0x00007fd930a78000 Thread added: 0x00007fd930a78000
Event: 314.187 Thread 0x00007fd93312c000 Thread added: 0x00007fd93312c000
Event: 314.193 loading class org/springframework/boot/autoconfigure/condition/ConditionEvaluationReport
Event: 314.193 loading class org/springframework/boot/autoconfigure/condition/ConditionEvaluationReport done
Event: 314.193 loading class org/springframework/boot/autoconfigure/condition/ConditionEvaluationReport
Event: 314.193 loading class org/springframework/boot/autoconfigure/condition/ConditionEvaluationReport done
Event: 314.194 Thread 0x00007fd9325f4000 Thread exited: 0x00007fd9325f4000
Event: 314.194 Thread 0x00007fd932b72000 Thread exited: 0x00007fd932b72000
Event: 320.583 Executing VM operation: RedefineClasses


Dynamic libraries:
0x00000000036e1000 	/System/Library/Frameworks/Cocoa.framework/Versions/A/Cocoa
0x00000000036e1000 	/System/Library/Frameworks/Security.framework/Versions/A/Security
0x00000000036e1000 	/System/Library/Frameworks/ApplicationServices.framework/Versions/A/ApplicationServices
0x00000000036e1000 	/usr/lib/libz.1.dylib
0x00000000036e1000 	/usr/lib/libSystem.B.dylib
0x00000000036e1000 	/usr/lib/libobjc.A.dylib
0x00000000036e1000 	/System/Library/Frameworks/CoreFoundation.framework/Versions/A/CoreFoundation
0x00000000036e1000 	/System/Library/Frameworks/Foundation.framework/Versions/C/Foundation
0x00000000036e1000 	/System/Library/Frameworks/AppKit.framework/Versions/C/AppKit
0x00000000036e1000 	/System/Library/Frameworks/CoreData.framework/Versions/A/CoreData
0x00000000036e1000 	/System/Library/PrivateFrameworks/UIFoundation.framework/Versions/A/UIFoundation
0x00000000036e1000 	/System/Library/PrivateFrameworks/RemoteViewServices.framework/Versions/A/RemoteViewServices
0x00000000036e1000 	/System/Library/PrivateFrameworks/XCTTargetBootstrap.framework/Versions/A/XCTTargetBootstrap
0x00000000036e1000 	/System/Library/Frameworks/CoreDisplay.framework/Versions/A/CoreDisplay
0x00000000036e1000 	/System/Library/Frameworks/Metal.framework/Versions/A/Metal
0x00000000036e1000 	/System/Library/PrivateFrameworks/DesktopServicesPriv.framework/Versions/A/DesktopServicesPriv
0x00000000036e1000 	/usr/lib/liblangid.dylib
0x00000000036e1000 	/System/Library/PrivateFrameworks/CoreSVG.framework/Versions/A/CoreSVG
0x00000000036e1000 	/System/Library/PrivateFrameworks/SkyLight.framework/Versions/A/SkyLight
0x00000000036e1000 	/System/Library/Frameworks/CoreGraphics.framework/Versions/A/CoreGraphics
0x00000000036e1000 	/System/Library/Frameworks/Accelerate.framework/Versions/A/Accelerate
0x00000000036e1000 	/usr/lib/libxml2.2.dylib
0x00000000036e1000 	/System/Library/PrivateFrameworks/IconServices.framework/Versions/A/IconServices
0x00000000036e1000 	/System/Library/Frameworks/IOSurface.framework/Versions/A/IOSurface
0x00000000036e1000 	/usr/lib/libDiagnosticMessagesClient.dylib
0x00000000036e1000 	/System/Library/PrivateFrameworks/DFRFoundation.framework/Versions/A/DFRFoundation
0x00000000036e1000 	/usr/lib/libicucore.A.dylib
0x00000000036e1000 	/System/Library/Frameworks/AudioToolbox.framework/Versions/A/AudioToolbox
0x00000000036e1000 	/System/Library/Frameworks/AudioUnit.framework/Versions/A/AudioUnit
0x00000000036e1000 	/usr/lib/libauto.dylib
0x00000000036e1000 	/System/Library/PrivateFrameworks/DataDetectorsCore.framework/Versions/A/DataDetectorsCore
0x00000000036e1000 	/System/Library/Frameworks/Carbon.framework/Versions/A/Frameworks/HIToolbox.framework/Versions/A/HIToolbox
0x00000000036e1000 	/System/Library/Frameworks/QuartzCore.framework/Versions/A/QuartzCore
0x00000000036e1000 	/System/Library/Frameworks/Carbon.framework/Versions/A/Frameworks/SpeechRecognition.framework/Versions/A/SpeechRecognition
0x00000000036e1000 	/System/Library/PrivateFrameworks/CoreUI.framework/Versions/A/CoreUI
0x00000000036e1000 	/System/Library/Frameworks/CoreAudio.framework/Versions/A/CoreAudio
0x00000000036e1000 	/System/Library/Frameworks/DiskArbitration.framework/Versions/A/DiskArbitration
0x00000000036e1000 	/System/Library/PrivateFrameworks/MultitouchSupport.framework/Versions/A/MultitouchSupport
0x00000000036e1000 	/usr/lib/libenergytrace.dylib
0x00000000036e1000 	/System/Library/Frameworks/IOKit.framework/Versions/A/IOKit
0x00000000036e1000 	/System/Library/Frameworks/CoreServices.framework/Versions/A/CoreServices
0x00000000036e1000 	/System/Library/PrivateFrameworks/PerformanceAnalysis.framework/Versions/A/PerformanceAnalysis
0x00000000036e1000 	/System/Library/Frameworks/OpenGL.framework/Versions/A/OpenGL
0x00000000036e1000 	/System/Library/Frameworks/ColorSync.framework/Versions/A/ColorSync
0x00000000036e1000 	/System/Library/Frameworks/CoreImage.framework/Versions/A/CoreImage
0x00000000036e1000 	/System/Library/Frameworks/CoreText.framework/Versions/A/CoreText
0x00000000036e1000 	/System/Library/Frameworks/ImageIO.framework/Versions/A/ImageIO
0x00000000036e1000 	/usr/lib/libc++.1.dylib
0x00000000036e1000 	/usr/lib/libcompression.dylib
0x00000000036e1000 	/usr/lib/libMobileGestalt.dylib
0x00000000036e1000 	/System/Library/PrivateFrameworks/TextureIO.framework/Versions/A/TextureIO
0x00000000036e1000 	/usr/lib/libate.dylib
0x00000000036e1000 	/System/Library/PrivateFrameworks/InternationalSupport.framework/Versions/A/InternationalSupport
0x00000000036e1000 	/usr/lib/system/libcache.dylib
0x00000000036e1000 	/usr/lib/system/libcommonCrypto.dylib
0x00000000036e1000 	/usr/lib/system/libcompiler_rt.dylib
0x00000000036e1000 	/usr/lib/system/libcopyfile.dylib
0x00000000036e1000 	/usr/lib/system/libcorecrypto.dylib
0x00000000036e1000 	/usr/lib/system/libdispatch.dylib
0x00000000036e1000 	/usr/lib/system/libdyld.dylib
0x00000000036e1000 	/usr/lib/system/libkeymgr.dylib
0x00000000036e1000 	/usr/lib/system/liblaunch.dylib
0x00000000036e1000 	/usr/lib/system/libmacho.dylib
0x00000000036e1000 	/usr/lib/system/libquarantine.dylib
0x00000000036e1000 	/usr/lib/system/libremovefile.dylib
0x00000000036e1000 	/usr/lib/system/libsystem_asl.dylib
0x00000000036e1000 	/usr/lib/system/libsystem_blocks.dylib
0x00000000036e1000 	/usr/lib/system/libsystem_c.dylib
0x00000000036e1000 	/usr/lib/system/libsystem_configuration.dylib
0x00000000036e1000 	/usr/lib/system/libsystem_coreservices.dylib
0x00000000036e1000 	/usr/lib/system/libsystem_darwin.dylib
0x00000000036e1000 	/usr/lib/system/libsystem_dnssd.dylib
0x00000000036e1000 	/usr/lib/system/libsystem_featureflags.dylib
0x00000000036e1000 	/usr/lib/system/libsystem_info.dylib
0x00000000036e1000 	/usr/lib/system/libsystem_m.dylib
0x00000000036e1000 	/usr/lib/system/libsystem_malloc.dylib
0x00000000036e1000 	/usr/lib/system/libsystem_networkextension.dylib
0x00000000036e1000 	/usr/lib/system/libsystem_notify.dylib
0x00000000036e1000 	/usr/lib/system/libsystem_sandbox.dylib
0x00000000036e1000 	/usr/lib/system/libsystem_secinit.dylib
0x00000000036e1000 	/usr/lib/system/libsystem_kernel.dylib
0x00000000036e1000 	/usr/lib/system/libsystem_platform.dylib
0x00000000036e1000 	/usr/lib/system/libsystem_pthread.dylib
0x00000000036e1000 	/usr/lib/system/libsystem_symptoms.dylib
0x00000000036e1000 	/usr/lib/system/libsystem_trace.dylib
0x00000000036e1000 	/usr/lib/system/libunwind.dylib
0x00000000036e1000 	/usr/lib/system/libxpc.dylib
0x00000000036e1000 	/usr/lib/libc++abi.dylib
0x00000000036e1000 	/usr/lib/liblzma.5.dylib
0x00000000036e1000 	/usr/lib/libfakelink.dylib
0x00000000036e1000 	/usr/lib/libarchive.2.dylib
0x00000000036e1000 	/System/Library/Frameworks/SystemConfiguration.framework/Versions/A/SystemConfiguration
0x00000000036e1000 	/usr/lib/libCRFSuite.dylib
0x00000000036e1000 	/System/Library/Frameworks/CFNetwork.framework/Versions/A/CFNetwork
0x00000000036e1000 	/usr/lib/libbsm.0.dylib
0x00000000036e1000 	/usr/lib/system/libkxld.dylib
0x00000000036e1000 	/System/Library/PrivateFrameworks/AppleFSCompression.framework/Versions/A/AppleFSCompression
0x00000000036e1000 	/usr/lib/libcoretls.dylib
0x00000000036e1000 	/usr/lib/libcoretls_cfhelpers.dylib
0x00000000036e1000 	/usr/lib/libpam.2.dylib
0x00000000036e1000 	/usr/lib/libsqlite3.dylib
0x00000000036e1000 	/usr/lib/libxar.1.dylib
0x00000000036e1000 	/usr/lib/libbz2.1.0.dylib
0x00000000036e1000 	/usr/lib/libiconv.2.dylib
0x00000000036e1000 	/usr/lib/libcharset.1.dylib
0x00000000036e1000 	/usr/lib/libnetwork.dylib
0x00000000036e1000 	/usr/lib/libpcap.A.dylib
0x00000000036e1000 	/usr/lib/libapple_nghttp2.dylib
0x00000000036e1000 	/System/Library/Frameworks/CoreServices.framework/Versions/A/Frameworks/FSEvents.framework/Versions/A/FSEvents
0x00000000036e1000 	/System/Library/Frameworks/CoreServices.framework/Versions/A/Frameworks/CarbonCore.framework/Versions/A/CarbonCore
0x00000000036e1000 	/System/Library/Frameworks/CoreServices.framework/Versions/A/Frameworks/Metadata.framework/Versions/A/Metadata
0x00000000036e1000 	/System/Library/Frameworks/CoreServices.framework/Versions/A/Frameworks/OSServices.framework/Versions/A/OSServices
0x00000000036e1000 	/System/Library/Frameworks/CoreServices.framework/Versions/A/Frameworks/SearchKit.framework/Versions/A/SearchKit
0x00000000036e1000 	/System/Library/Frameworks/CoreServices.framework/Versions/A/Frameworks/AE.framework/Versions/A/AE
0x00000000036e1000 	/System/Library/Frameworks/CoreServices.framework/Versions/A/Frameworks/LaunchServices.framework/Versions/A/LaunchServices
0x00000000036e1000 	/System/Library/Frameworks/CoreServices.framework/Versions/A/Frameworks/DictionaryServices.framework/Versions/A/DictionaryServices
0x00000000036e1000 	/System/Library/Frameworks/CoreServices.framework/Versions/A/Frameworks/SharedFileList.framework/Versions/A/SharedFileList
0x00000000036e1000 	/System/Library/Frameworks/NetFS.framework/Versions/A/NetFS
0x00000000036e1000 	/System/Library/PrivateFrameworks/NetAuth.framework/Versions/A/NetAuth
0x00000000036e1000 	/System/Library/PrivateFrameworks/login.framework/Versions/A/Frameworks/loginsupport.framework/Versions/A/loginsupport
0x00000000036e1000 	/System/Library/PrivateFrameworks/TCC.framework/Versions/A/TCC
0x00000000036e1000 	/System/Library/PrivateFrameworks/CoreNLP.framework/Versions/A/CoreNLP
0x00000000036e1000 	/System/Library/PrivateFrameworks/MetadataUtilities.framework/Versions/A/MetadataUtilities
0x00000000036e1000 	/usr/lib/libmecabra.dylib
0x00000000036e1000 	/usr/lib/libmecab.dylib
0x00000000036e1000 	/usr/lib/libgermantok.dylib
0x00000000036e1000 	/usr/lib/libThaiTokenizer.dylib
0x00000000036e1000 	/usr/lib/libChineseTokenizer.dylib
0x00000000036e1000 	/System/Library/Frameworks/Accelerate.framework/Versions/A/Frameworks/vImage.framework/Versions/A/vImage
0x00000000036e1000 	/System/Library/Frameworks/Accelerate.framework/Versions/A/Frameworks/vecLib.framework/Versions/A/vecLib
0x00000000036e1000 	/System/Library/Frameworks/Accelerate.framework/Versions/A/Frameworks/vecLib.framework/Versions/A/libvMisc.dylib
0x00000000036e1000 	/System/Library/Frameworks/Accelerate.framework/Versions/A/Frameworks/vecLib.framework/Versions/A/libvDSP.dylib
0x00000000036e1000 	/System/Library/Frameworks/Accelerate.framework/Versions/A/Frameworks/vecLib.framework/Versions/A/libBLAS.dylib
0x00000000036e1000 	/System/Library/Frameworks/Accelerate.framework/Versions/A/Frameworks/vecLib.framework/Versions/A/libLAPACK.dylib
0x00000000036e1000 	/System/Library/Frameworks/Accelerate.framework/Versions/A/Frameworks/vecLib.framework/Versions/A/libLinearAlgebra.dylib
0x00000000036e1000 	/System/Library/Frameworks/Accelerate.framework/Versions/A/Frameworks/vecLib.framework/Versions/A/libSparseBLAS.dylib
0x00000000036e1000 	/System/Library/Frameworks/Accelerate.framework/Versions/A/Frameworks/vecLib.framework/Versions/A/libQuadrature.dylib
0x00000000036e1000 	/System/Library/Frameworks/Accelerate.framework/Versions/A/Frameworks/vecLib.framework/Versions/A/libBNNS.dylib
0x00000000036e1000 	/System/Library/Frameworks/Accelerate.framework/Versions/A/Frameworks/vecLib.framework/Versions/A/libSparse.dylib
0x00000000036e1000 	/System/Library/PrivateFrameworks/LanguageModeling.framework/Versions/A/LanguageModeling
0x00000000036e1000 	/System/Library/PrivateFrameworks/CoreEmoji.framework/Versions/A/CoreEmoji
0x00000000036e1000 	/System/Library/PrivateFrameworks/LinguisticData.framework/Versions/A/LinguisticData
0x00000000036e1000 	/System/Library/PrivateFrameworks/Lexicon.framework/Versions/A/Lexicon
0x00000000036e1000 	/usr/lib/libcmph.dylib
0x00000000036e1000 	/System/Library/Frameworks/OpenDirectory.framework/Versions/A/Frameworks/CFOpenDirectory.framework/Versions/A/CFOpenDirectory
0x00000000036e1000 	/System/Library/Frameworks/OpenDirectory.framework/Versions/A/OpenDirectory
0x00000000036e1000 	/System/Library/PrivateFrameworks/APFS.framework/Versions/A/APFS
0x00000000036e1000 	/System/Library/Frameworks/SecurityFoundation.framework/Versions/A/SecurityFoundation
0x00000000036e1000 	/usr/lib/libutil.dylib
0x00000000036e1000 	/System/Library/PrivateFrameworks/CoreServicesStore.framework/Versions/A/CoreServicesStore
0x00000000036e1000 	/System/Library/Frameworks/ServiceManagement.framework/Versions/A/ServiceManagement
0x00000000036e1000 	/System/Library/PrivateFrameworks/BackgroundTaskManagement.framework/Versions/A/BackgroundTaskManagement
0x00000000036e1000 	/usr/lib/libxslt.1.dylib
0x00000000036e1000 	/System/Library/PrivateFrameworks/AppleSystemInfo.framework/Versions/A/AppleSystemInfo
0x00000000036e1000 	/System/Library/Frameworks/ImageIO.framework/Versions/A/Resources/libJPEG.dylib
0x00000000036e1000 	/System/Library/Frameworks/ImageIO.framework/Versions/A/Resources/libTIFF.dylib
0x00000000036e1000 	/System/Library/Frameworks/ImageIO.framework/Versions/A/Resources/libPng.dylib
0x00000000036e1000 	/System/Library/Frameworks/ImageIO.framework/Versions/A/Resources/libGIF.dylib
0x00000000036e1000 	/System/Library/Frameworks/ImageIO.framework/Versions/A/Resources/libJP2.dylib
0x00000000036e1000 	/System/Library/Frameworks/ImageIO.framework/Versions/A/Resources/libRadiance.dylib
0x00000000036e1000 	/usr/lib/libexpat.1.dylib
0x00000000036e1000 	/System/Library/PrivateFrameworks/AppleJPEG.framework/Versions/A/AppleJPEG
0x00000000036e1000 	/System/Library/PrivateFrameworks/FontServices.framework/libFontParser.dylib
0x00000000036e1000 	/System/Library/PrivateFrameworks/WatchdogClient.framework/Versions/A/WatchdogClient
0x00000000036e1000 	/System/Library/PrivateFrameworks/IOAccelerator.framework/Versions/A/IOAccelerator
0x00000000036e1000 	/System/Library/Frameworks/MetalPerformanceShaders.framework/Versions/A/MetalPerformanceShaders
0x00000000036e1000 	/System/Library/PrivateFrameworks/GPUWrangler.framework/Versions/A/GPUWrangler
0x00000000036e1000 	/System/Library/PrivateFrameworks/IOPresentment.framework/Versions/A/IOPresentment
0x00000000036e1000 	/System/Library/PrivateFrameworks/DSExternalDisplay.framework/Versions/A/DSExternalDisplay
0x00000000036e1000 	/System/Library/Frameworks/OpenGL.framework/Versions/A/Libraries/libCoreFSCache.dylib
0x00000000036e1000 	/System/Library/Frameworks/MetalPerformanceShaders.framework/Frameworks/MPSCore.framework/Versions/A/MPSCore
0x00000000036e1000 	/System/Library/Frameworks/MetalPerformanceShaders.framework/Frameworks/MPSImage.framework/Versions/A/MPSImage
0x00000000036e1000 	/System/Library/Frameworks/MetalPerformanceShaders.framework/Frameworks/MPSNeuralNetwork.framework/Versions/A/MPSNeuralNetwork
0x00000000036e1000 	/System/Library/Frameworks/MetalPerformanceShaders.framework/Frameworks/MPSMatrix.framework/Versions/A/MPSMatrix
0x00000000036e1000 	/System/Library/Frameworks/MetalPerformanceShaders.framework/Frameworks/MPSRayIntersector.framework/Versions/A/MPSRayIntersector
0x00000000036e1000 	/System/Library/Frameworks/MetalPerformanceShaders.framework/Frameworks/MPSNDArray.framework/Versions/A/MPSNDArray
0x00000000036e1000 	/System/Library/PrivateFrameworks/MetalTools.framework/Versions/A/MetalTools
0x00000000036e1000 	/System/Library/PrivateFrameworks/AggregateDictionary.framework/Versions/A/AggregateDictionary
0x00000000036e1000 	/System/Library/PrivateFrameworks/CoreAnalytics.framework/Versions/A/CoreAnalytics
0x00000000036e1000 	/System/Library/PrivateFrameworks/AppleSauce.framework/Versions/A/AppleSauce
0x00000000036e1000 	/usr/lib/libIOReport.dylib
0x00000000036e1000 	/System/Library/Frameworks/CoreVideo.framework/Versions/A/CoreVideo
0x00000000036e1000 	/System/Library/PrivateFrameworks/GraphVisualizer.framework/Versions/A/GraphVisualizer
0x00000000036e1000 	/System/Library/PrivateFrameworks/FaceCore.framework/Versions/A/FaceCore
0x00000000036e1000 	/System/Library/Frameworks/OpenCL.framework/Versions/A/OpenCL
0x00000000036e1000 	/usr/lib/libFosl_dynamic.dylib
0x00000000036e1000 	/System/Library/PrivateFrameworks/OTSVG.framework/Versions/A/OTSVG
0x00000000036e1000 	/System/Library/Frameworks/ApplicationServices.framework/Versions/A/Frameworks/ATS.framework/Versions/A/Resources/libFontRegistry.dylib
0x00000000036e1000 	/System/Library/PrivateFrameworks/FontServices.framework/libhvf.dylib
0x00000000036e1000 	/System/Library/Frameworks/OpenGL.framework/Versions/A/Libraries/libGFXShared.dylib
0x00000000036e1000 	/System/Library/Frameworks/OpenGL.framework/Versions/A/Libraries/libGLU.dylib
0x00000000036e1000 	/System/Library/Frameworks/OpenGL.framework/Versions/A/Libraries/libGL.dylib
0x00000000036e1000 	/System/Library/Frameworks/OpenGL.framework/Versions/A/Libraries/libGLImage.dylib
0x00000000036e1000 	/System/Library/Frameworks/OpenGL.framework/Versions/A/Libraries/libCVMSPluginSupport.dylib
0x00000000036e1000 	/System/Library/Frameworks/OpenGL.framework/Versions/A/Libraries/libCoreVMClient.dylib
0x00000000036e1000 	/usr/lib/libncurses.5.4.dylib
0x00000000036e1000 	/System/Library/Frameworks/ApplicationServices.framework/Versions/A/Frameworks/ATS.framework/Versions/A/ATS
0x00000000036e1000 	/System/Library/Frameworks/ApplicationServices.framework/Versions/A/Frameworks/ColorSyncLegacy.framework/Versions/A/ColorSyncLegacy
0x00000000036e1000 	/System/Library/Frameworks/ApplicationServices.framework/Versions/A/Frameworks/HIServices.framework/Versions/A/HIServices
0x00000000036e1000 	/System/Library/Frameworks/ApplicationServices.framework/Versions/A/Frameworks/LangAnalysis.framework/Versions/A/LangAnalysis
0x00000000036e1000 	/System/Library/Frameworks/ApplicationServices.framework/Versions/A/Frameworks/PrintCore.framework/Versions/A/PrintCore
0x00000000036e1000 	/System/Library/Frameworks/ApplicationServices.framework/Versions/A/Frameworks/QD.framework/Versions/A/QD
0x00000000036e1000 	/System/Library/Frameworks/ApplicationServices.framework/Versions/A/Frameworks/SpeechSynthesis.framework/Versions/A/SpeechSynthesis
0x00000000036e1000 	/System/Library/Frameworks/ApplicationServices.framework/Versions/A/Frameworks/ATSUI.framework/Versions/A/ATSUI
0x00000000036e1000 	/usr/lib/libcups.2.dylib
0x00000000036e1000 	/System/Library/Frameworks/Kerberos.framework/Versions/A/Kerberos
0x00000000036e1000 	/System/Library/Frameworks/GSS.framework/Versions/A/GSS
0x00000000036e1000 	/usr/lib/libresolv.9.dylib
0x00000000036e1000 	/System/Library/PrivateFrameworks/Heimdal.framework/Versions/A/Heimdal
0x00000000036e1000 	/System/Library/Frameworks/Kerberos.framework/Versions/A/Libraries/libHeimdalProxy.dylib
0x00000000036e1000 	/usr/lib/libheimdal-asn1.dylib
0x00000000036e1000 	/System/Library/PrivateFrameworks/CommonAuth.framework/Versions/A/CommonAuth
0x00000000036e1000 	/System/Library/PrivateFrameworks/AssertionServices.framework/Versions/A/AssertionServices
0x00000000036e1000 	/System/Library/PrivateFrameworks/AudioToolboxCore.framework/Versions/A/AudioToolboxCore
0x00000000036e1000 	/System/Library/PrivateFrameworks/caulk.framework/Versions/A/caulk
0x00000000036e1000 	/System/Library/PrivateFrameworks/BaseBoard.framework/Versions/A/BaseBoard
0x00000000036e1000 	/System/Library/PrivateFrameworks/RunningBoardServices.framework/Versions/A/RunningBoardServices
0x00000000036e1000 	/System/Library/PrivateFrameworks/PersistentConnection.framework/Versions/A/PersistentConnection
0x00000000036e1000 	/System/Library/PrivateFrameworks/ProtocolBuffer.framework/Versions/A/ProtocolBuffer
0x00000000036e1000 	/System/Library/PrivateFrameworks/CommonUtilities.framework/Versions/A/CommonUtilities
0x00000000036e1000 	/System/Library/PrivateFrameworks/Bom.framework/Versions/A/Bom
0x00000000036e1000 	/usr/lib/libAudioToolboxUtility.dylib
0x00000000036e1000 	/System/Library/PrivateFrameworks/Backup.framework/Versions/A/Backup
0x00000000036e1000 	/System/Library/PrivateFrameworks/CrashReporterSupport.framework/Versions/A/CrashReporterSupport
0x00000000036e1000 	/System/Library/PrivateFrameworks/Sharing.framework/Versions/A/Sharing
0x00000000036e1000 	/System/Library/PrivateFrameworks/Apple80211.framework/Versions/A/Apple80211
0x00000000036e1000 	/System/Library/PrivateFrameworks/AuthKit.framework/Versions/A/AuthKit
0x00000000036e1000 	/System/Library/PrivateFrameworks/CoreUtils.framework/Versions/A/CoreUtils
0x00000000036e1000 	/System/Library/Frameworks/CoreWLAN.framework/Versions/A/CoreWLAN
0x00000000036e1000 	/System/Library/Frameworks/IOBluetooth.framework/Versions/A/IOBluetooth
0x00000000036e1000 	/System/Library/PrivateFrameworks/MobileKeyBag.framework/Versions/A/MobileKeyBag
0x00000000036e1000 	/System/Library/PrivateFrameworks/CorePhoneNumbers.framework/Versions/A/CorePhoneNumbers
0x00000000036e1000 	/System/Library/PrivateFrameworks/AppleIDAuthSupport.framework/Versions/A/AppleIDAuthSupport
0x00000000036e1000 	/System/Library/Frameworks/Network.framework/Versions/A/Network
0x00000000036e1000 	/System/Library/PrivateFrameworks/KeychainCircle.framework/Versions/A/KeychainCircle
0x00000000036e1000 	/System/Library/Frameworks/CoreBluetooth.framework/Versions/A/CoreBluetooth
0x00000000036e1000 	/System/Library/PrivateFrameworks/SpeechRecognitionCore.framework/Versions/A/SpeechRecognitionCore
0x0000000109400000 	/Library/Java/JavaVirtualMachines/jdk1.8.0_05.jdk/Contents/Home/jre/lib/server/libjvm.dylib
0x00000000036e1000 	/usr/lib/libstdc++.6.dylib
0x00000001083b5000 	/Library/Java/JavaVirtualMachines/jdk1.8.0_05.jdk/Contents/Home/jre/lib/libverify.dylib
0x00000001083c3000 	/Library/Java/JavaVirtualMachines/jdk1.8.0_05.jdk/Contents/Home/jre/lib/libjava.dylib
0x000000010a2c0000 	/Library/Java/JavaVirtualMachines/jdk1.8.0_05.jdk/Contents/Home/jre/lib/libjdwp.dylib
0x00000001083f8000 	/Library/Java/JavaVirtualMachines/jdk1.8.0_05.jdk/Contents/Home/jre/lib/libnpt.dylib
0x000000010a30b000 	/Library/Java/JavaVirtualMachines/jdk1.8.0_05.jdk/Contents/Home/jre/lib/libinstrument.dylib
0x000000010a3a7000 	/Library/Java/JavaVirtualMachines/jdk1.8.0_05.jdk/Contents/Home/jre/lib/libzip.dylib
0x00000000036e1000 	/System/Library/Frameworks/JavaVM.framework/Versions/A/Frameworks/JavaRuntimeSupport.framework/Versions/A/JavaRuntimeSupport
0x00000000036e1000 	/System/Library/Frameworks/JavaVM.framework/Versions/A/Frameworks/JavaNativeFoundation.framework/Versions/A/JavaNativeFoundation
0x00000000036e1000 	/System/Library/Frameworks/JavaVM.framework/Versions/A/JavaVM
0x00000000036e1000 	/System/Library/Frameworks/Carbon.framework/Versions/A/Carbon
0x00000000036e1000 	/System/Library/PrivateFrameworks/CoreSymbolication.framework/Versions/A/CoreSymbolication
0x00000000036e1000 	/System/Library/PrivateFrameworks/JavaLaunching.framework/Versions/A/JavaLaunching
0x00000000036e1000 	/System/Library/Frameworks/Carbon.framework/Versions/A/Frameworks/CommonPanels.framework/Versions/A/CommonPanels
0x00000000036e1000 	/System/Library/Frameworks/Carbon.framework/Versions/A/Frameworks/Help.framework/Versions/A/Help
0x00000000036e1000 	/System/Library/Frameworks/Carbon.framework/Versions/A/Frameworks/ImageCapture.framework/Versions/A/ImageCapture
0x00000000036e1000 	/System/Library/Frameworks/Carbon.framework/Versions/A/Frameworks/OpenScripting.framework/Versions/A/OpenScripting
0x00000000036e1000 	/System/Library/Frameworks/Carbon.framework/Versions/A/Frameworks/Ink.framework/Versions/A/Ink
0x00000000036e1000 	/System/Library/Frameworks/Carbon.framework/Versions/A/Frameworks/Print.framework/Versions/A/Print
0x00000000036e1000 	/System/Library/Frameworks/Carbon.framework/Versions/A/Frameworks/SecurityHI.framework/Versions/A/SecurityHI
0x00000000036e1000 	/System/Library/PrivateFrameworks/DebugSymbols.framework/Versions/A/DebugSymbols
0x000000010e481000 	/Library/Java/JavaVirtualMachines/jdk1.8.0_05.jdk/Contents/Home/jre/lib/libdt_socket.dylib
0x000000010e468000 	/Library/Java/JavaVirtualMachines/jdk1.8.0_05.jdk/Contents/Home/jre/lib/libnio.dylib
0x000000010e6f9000 	/Library/Java/JavaVirtualMachines/jdk1.8.0_05.jdk/Contents/Home/jre/lib/libnet.dylib
0x000000010e6b5000 	/Library/Java/JavaVirtualMachines/jdk1.8.0_05.jdk/Contents/Home/jre/lib/libmanagement.dylib

VM Arguments:
jvm_args: -agentlib:jdwp=transport=dt_socket,suspend=y,address=localhost:59790 -javaagent:/Applications/Eclipse.app/Contents/Eclipse/configuration/org.eclipse.osgi/403/0/.cp/lib/javaagent-shaded.jar -Dfile.encoding=UTF-8 
java_command: net.elmadigital.tutorsmanager.TutorsManagerApplication
java_class_path (initial): /Users/muratsudan/spring/personal1/tutors-manager/target/classes:/Users/muratsudan/.m2/repository/org/springframework/boot/spring-boot-starter-web/2.3.1.RELEASE/spring-boot-starter-web-2.3.1.RELEASE.jar:/Users/muratsudan/.m2/repository/org/springframework/boot/spring-boot-starter/2.3.1.RELEASE/spring-boot-starter-2.3.1.RELEASE.jar:/Users/muratsudan/.m2/repository/org/springframework/boot/spring-boot-starter-logging/2.3.1.RELEASE/spring-boot-starter-logging-2.3.1.RELEASE.jar:/Users/muratsudan/.m2/repository/ch/qos/logback/logback-classic/1.2.3/logback-classic-1.2.3.jar:/Users/muratsudan/.m2/repository/ch/qos/logback/logback-core/1.2.3/logback-core-1.2.3.jar:/Users/muratsudan/.m2/repository/org/apache/logging/log4j/log4j-to-slf4j/2.13.3/log4j-to-slf4j-2.13.3.jar:/Users/muratsudan/.m2/repository/org/apache/logging/log4j/log4j-api/2.13.3/log4j-api-2.13.3.jar:/Users/muratsudan/.m2/repository/org/slf4j/jul-to-slf4j/1.7.30/jul-to-slf4j-1.7.30.jar:/Users/muratsudan/.m2/repository/jakarta/annotation/jakarta.annotation-api/1.3.5/jakarta.annotation-api-1.3.5.jar:/Users/muratsudan/.m2/repository/org/yaml/snakeyaml/1.26/snakeyaml-1.26.jar:/Users/muratsudan/.m2/repository/org/springframework/boot/spring-boot-starter-json/2.3.1.RELEASE/spring-boot-starter-json-2.3.1.RELEASE.jar:/Users/muratsudan/.m2/repository/com/fasterxml/jackson/core/jackson-databind/2.11.0/jackson-databind-2.11.0.jar:/Users/muratsudan/.m2/repository/com/fasterxml/jackson/core/jackson-annotations/2.11.0/jackson-annotations-2.11.0.jar:/Users/muratsudan/.m2/repository/com/fasterxml/jackson/core/jackson-core/2.11.0/jackson-core-2.11.0.jar:/Users/muratsudan/.m2/repository/com/fasterxml/jackson/datatype/jackson-datatype-jdk8/2.11.0/jackson-datatype-jdk8-2.11.0.jar:/Users/muratsudan/.m2/repository/com/fasterxml/jackson/datatype/jackson-datatype-jsr310/2.11.0/jackson-datatype-jsr310-2.11.0.jar:/Users/muratsudan/.m2/repository/com/fasterxml/jackson/module/jackson-module-parameter-names/2.11
Launcher Type: SUN_STANDARD

Environment Variables:
PATH=/usr/bin:/bin:/usr/sbin:/sbin
SHELL=/bin/bash
DISPLAY=/private/tmp/com.apple.launchd.VmGSzlbqZu/org.macosforge.xquartz:0

Signal Handlers:
SIGSEGV: [libjvm.dylib+0x55f7df], sa_mask[0]=0xfffefeff, sa_flags=0x00000043
SIGBUS: [libjvm.dylib+0x55f7df], sa_mask[0]=0xfffefeff, sa_flags=0x00000042
SIGFPE: [libjvm.dylib+0x442cfa], sa_mask[0]=0xfffefeff, sa_flags=0x00000042
SIGPIPE: [libjvm.dylib+0x442cfa], sa_mask[0]=0xfffefeff, sa_flags=0x00000042
SIGXFSZ: [libjvm.dylib+0x442cfa], sa_mask[0]=0xfffefeff, sa_flags=0x00000042
SIGILL: [libjvm.dylib+0x442cfa], sa_mask[0]=0xfffefeff, sa_flags=0x00000042
SIGUSR1: SIG_DFL, sa_mask[0]=0x00000000, sa_flags=0x00000000
SIGUSR2: [libjvm.dylib+0x442818], sa_mask[0]=0x00000004, sa_flags=0x00000042
SIGHUP: [libjvm.dylib+0x440ba5], sa_mask[0]=0xfffefeff, sa_flags=0x00000042
SIGINT: [libjvm.dylib+0x440ba5], sa_mask[0]=0xfffefeff, sa_flags=0x00000042
SIGTERM: [libjvm.dylib+0x440ba5], sa_mask[0]=0xfffefeff, sa_flags=0x00000042
SIGQUIT: [libjvm.dylib+0x440ba5], sa_mask[0]=0xfffefeff, sa_flags=0x00000042


---------------  S Y S T E M  ---------------

OS:Bsduname:Darwin 19.4.0 Darwin Kernel Version 19.4.0: Wed Mar  4 22:28:40 PST 2020; root:xnu-6153.101.6~15/RELEASE_X86_64 x86_64
rlimit: STACK 8192k, CORE 0k, NPROC 2784, NOFILE 10240, AS infinity
load average:2.07 2.23 2.24

CPU:total 8 (4 cores per cpu, 2 threads per core) family 6 model 70 stepping 1, cmov, cx8, fxsr, mmx, sse, sse2, sse3, ssse3, sse4.1, sse4.2, popcnt, avx, avx2, aes, clmul, erms, ht, tsc, tscinvbit

Memory: 4k page, physical 16777216k(109548k free)

/proc/meminfo:


vm_info: Java HotSpot(TM) 64-Bit Server VM (25.5-b02) for bsd-amd64 JRE (1.8.0_05-b13), built on Mar 18 2014 00:36:13 by "java_re" with gcc 4.2.1 (Based on Apple Inc. build 5658) (LLVM build 2336.11.00)

time: Fri Jul 24 19:41:47 2020
elapsed time: 320 seconds

